<?xml version="1.0" encoding="UTF-8"?>
<testsuite xmlns:xsi="http://www.w3.org/2001/XMLSchema-instance" xsi:noNamespaceSchemaLocation="https://maven.apache.org/surefire/maven-surefire-plugin/xsd/surefire-test-report-3.0.xsd" version="3.0" name="com.szalay.thinktools.model.ModelGeneratorTest" time="0.002" tests="2" errors="0" skipped="0" failures="0">
  <properties>
    <property name="java.specification.version" value="18"/>
    <property name="sun.jnu.encoding" value="UTF-8"/>
    <property name="java.class.path" value="/home/szalay/data/projects/thinktoolsV2/com.szalay.thinktools/com.szalay.thinktools.model/target/test-classes:/home/szalay/data/projects/thinktoolsV2/com.szalay.thinktools/com.szalay.thinktools.model/target/classes:/home/szalay/.m2/repository/junit/junit/4.10/junit-4.10.jar:/home/szalay/.m2/repository/org/hamcrest/hamcrest-core/1.1/hamcrest-core-1.1.jar:"/>
    <property name="java.vm.vendor" value="Oracle Corporation"/>
    <property name="sun.arch.data.model" value="64"/>
    <property name="java.vendor.url" value="https://java.oracle.com/"/>
    <property name="user.timezone" value="Europe/Berlin"/>
    <property name="os.name" value="Linux"/>
    <property name="java.vm.specification.version" value="18"/>
    <property name="sun.java.launcher" value="SUN_STANDARD"/>
    <property name="user.country" value="DE"/>
    <property name="sun.boot.library.path" value="/opt/jdk-18/lib"/>
    <property name="sun.java.command" value="/home/szalay/data/projects/thinktoolsV2/com.szalay.thinktools/com.szalay.thinktools.model/target/surefire/surefirebooter-20240105133912503_3.jar /home/szalay/data/projects/thinktoolsV2/com.szalay.thinktools/com.szalay.thinktools.model/target/surefire 2024-01-05T13-39-12_393-jvmRun1 surefire-20240105133912503_1tmp surefire_0-20240105133912503_2tmp"/>
    <property name="jdk.debug" value="release"/>
    <property name="surefire.test.class.path" value="/home/szalay/data/projects/thinktoolsV2/com.szalay.thinktools/com.szalay.thinktools.model/target/test-classes:/home/szalay/data/projects/thinktoolsV2/com.szalay.thinktools/com.szalay.thinktools.model/target/classes:/home/szalay/.m2/repository/junit/junit/4.10/junit-4.10.jar:/home/szalay/.m2/repository/org/hamcrest/hamcrest-core/1.1/hamcrest-core-1.1.jar:"/>
    <property name="sun.cpu.endian" value="little"/>
    <property name="user.home" value="/home/szalay"/>
    <property name="user.language" value="de"/>
    <property name="java.specification.vendor" value="Oracle Corporation"/>
    <property name="java.version.date" value="2022-03-22"/>
    <property name="java.home" value="/opt/jdk-18"/>
    <property name="file.separator" value="/"/>
    <property name="basedir" value="/home/szalay/data/projects/thinktoolsV2/com.szalay.thinktools/com.szalay.thinktools.model"/>
    <property name="java.vm.compressedOopsMode" value="Zero based"/>
    <property name="line.separator" value="&#10;"/>
    <property name="java.vm.specification.vendor" value="Oracle Corporation"/>
    <property name="java.specification.name" value="Java Platform API Specification"/>
    <property name="surefire.real.class.path" value="/home/szalay/data/projects/thinktoolsV2/com.szalay.thinktools/com.szalay.thinktools.model/target/surefire/surefirebooter-20240105133912503_3.jar"/>
    <property name="sun.management.compiler" value="HotSpot 64-Bit Tiered Compilers"/>
    <property name="java.runtime.version" value="18+36-2087"/>
    <property name="user.name" value="szalay"/>
    <property name="path.separator" value=":"/>
    <property name="os.version" value="5.15.0-91-generic"/>
    <property name="java.runtime.name" value="OpenJDK Runtime Environment"/>
    <property name="file.encoding" value="UTF-8"/>
    <property name="java.vm.name" value="OpenJDK 64-Bit Server VM"/>
    <property name="localRepository" value="/home/szalay/.m2/repository"/>
    <property name="java.vendor.url.bug" value="https://bugreport.java.com/bugreport/"/>
    <property name="java.io.tmpdir" value="/tmp"/>
    <property name="java.version" value="18"/>
    <property name="user.dir" value="/home/szalay/data/projects/thinktoolsV2/com.szalay.thinktools/com.szalay.thinktools.model"/>
    <property name="os.arch" value="amd64"/>
    <property name="java.vm.specification.name" value="Java Virtual Machine Specification"/>
    <property name="native.encoding" value="UTF-8"/>
    <property name="java.library.path" value="/usr/java/packages/lib:/usr/lib64:/lib64:/lib:/usr/lib"/>
    <property name="java.vm.info" value="mixed mode, sharing"/>
    <property name="java.vendor" value="Oracle Corporation"/>
    <property name="java.vm.version" value="18+36-2087"/>
    <property name="sun.io.unicode.encoding" value="UnicodeLittle"/>
    <property name="java.class.version" value="62.0"/>
  </properties>
  <testcase name="testModelGenerator1" classname="com.szalay.thinktools.model.ModelGeneratorTest" time="0.001">
    <system-out><![CDATA[New model: [1 <= a <= 0 & 1 <= b <= 0] -> 4 <= d <= 0

Starting process...
Start hypothesis: [1 <= a <= 0 & 1 <= b <= 0] -> 4 <= d <= 0
Required acceptance value: 0.40
Solving inhomogenities....
New model: [1 <= a <= 0 & 1 <= b <= 0] -> 4 <= d <= 0

Resolved model: [1 <= a <= 0 & 1 <= b <= 0] -> 4 <= d <= 0

New explainable: 4 <= d <= 0
Evaluating alternative: [1 <= a <= 0 & 1 <= b <= 0]
Potential factors for this alternative [2 <= c <= 0]
step: 0
testing factor 2 <= c <= 0
new test design: [0 <= a <= 1, 0 <= b <= 1], [], 0 <= c <= 2
result: 
0, 0;
0, 0;
0, 0;

interpretation: 
Pos: 0, 0
Value: false
Ands: [0 <= a <= 1, 0 <= b <= 1]
Ors: []
Top factor: 0 <= c <= 2
, Pos: 0, 1
Value: false
Ands: [0 <= a <= 1, 0 <= b <= 1]
Ors: []
Top factor:  NOT (2 <= c <= 0 ) 
;
Pos: 1, 0
Value: false
Ands: [ NOT (0 <= a <= 1 ) , 1 <= b <= 0]
Ors: []
Top factor: 0 <= c <= 2
, Pos: 1, 1
Value: false
Ands: [ NOT (0 <= a <= 1 ) , 1 <= b <= 0]
Ors: []
Top factor:  NOT (2 <= c <= 0 ) 
;
Pos: 2, 0
Value: false
Ands: [1 <= a <= 0,  NOT (0 <= b <= 1 ) ]
Ors: []
Top factor: 0 <= c <= 2
, Pos: 2, 1
Value: false
Ands: [1 <= a <= 0,  NOT (0 <= b <= 1 ) ]
Ors: []
Top factor:  NOT (2 <= c <= 0 ) 
;

new hypothesis [1 <= a <= 0 & 1 <= b <= 0] -> 0 <= d <= 4
No more factors.
Check whole hypothesis...
Result:

0, 0, 0, 1000
Acceptance value: 0E-10
Break because of acceptance value reached.
No more alternatives.
New model: [1 <= a <= 0 & 1 <= b <= 0] -> 4 <= d <= 0
[1 <= a <= 0 & 1 <= b <= 0] -> 0 <= d <= 4

No more explainables.
Model: [1 <= a <= 0 & 1 <= b <= 0] -> 4 <= d <= 0
[1 <= a <= 0 & 1 <= b <= 0] -> 0 <= d <= 4

New model: [1 <= a <= 0 & 1 <= b <= 0] -> 4 <= d <= 0
[1 <= a <= 0 & 1 <= b <= 0] -> 0 <= d <= 4

]]></system-out>
  </testcase>
  <testcase name="testModelGenerator2" classname="com.szalay.thinktools.model.ModelGeneratorTest" time="0">
    <system-out><![CDATA[New model: [1 <= a <= 0 & 1 <= b <= 0] -> 4 <= d <= 0

Starting process...
Start hypothesis: [1 <= a <= 0 & 1 <= b <= 0] -> 4 <= d <= 0
Required acceptance value: 0.40
Solving inhomogenities....
New model: [1 <= a <= 0 & 1 <= b <= 0] -> 4 <= d <= 0

Resolved model: [1 <= a <= 0 & 1 <= b <= 0] -> 4 <= d <= 0

New explainable: 4 <= d <= 0
Evaluating alternative: [1 <= a <= 0 & 1 <= b <= 0]
Potential factors for this alternative [2 <= c <= 0]
step: 0
testing factor 2 <= c <= 0
new test design: [0 <= a <= 1, 0 <= b <= 1], [], 0 <= c <= 2
result: 
0, 0;
0, 0;
0, 0;

interpretation: 
Pos: 0, 0
Value: false
Ands: [0 <= a <= 1, 0 <= b <= 1]
Ors: []
Top factor: 0 <= c <= 2
, Pos: 0, 1
Value: false
Ands: [0 <= a <= 1, 0 <= b <= 1]
Ors: []
Top factor:  NOT (2 <= c <= 0 ) 
;
Pos: 1, 0
Value: false
Ands: [ NOT (0 <= a <= 1 ) , 1 <= b <= 0]
Ors: []
Top factor: 0 <= c <= 2
, Pos: 1, 1
Value: false
Ands: [ NOT (0 <= a <= 1 ) , 1 <= b <= 0]
Ors: []
Top factor:  NOT (2 <= c <= 0 ) 
;
Pos: 2, 0
Value: false
Ands: [1 <= a <= 0,  NOT (0 <= b <= 1 ) ]
Ors: []
Top factor: 0 <= c <= 2
, Pos: 2, 1
Value: false
Ands: [1 <= a <= 0,  NOT (0 <= b <= 1 ) ]
Ors: []
Top factor:  NOT (2 <= c <= 0 ) 
;

new hypothesis [1 <= a <= 0 & 1 <= b <= 0] -> 0 <= d <= 4
No more factors.
Check whole hypothesis...
Result:

0, 0, 0, 1000
Acceptance value: 0E-10
Break because of acceptance value reached.
No more alternatives.
New model: [1 <= a <= 0 & 1 <= b <= 0] -> 4 <= d <= 0
[1 <= a <= 0 & 1 <= b <= 0] -> 0 <= d <= 4

No more explainables.
Model: [1 <= a <= 0 & 1 <= b <= 0] -> 4 <= d <= 0
[1 <= a <= 0 & 1 <= b <= 0] -> 0 <= d <= 4

New model: [1 <= a <= 0 & 1 <= b <= 0] -> 4 <= d <= 0
[1 <= a <= 0 & 1 <= b <= 0] -> 0 <= d <= 4

]]></system-out>
  </testcase>
</testsuite>