<?xml version="1.0" encoding="UTF-8"?>
<testsuite xmlns:xsi="http://www.w3.org/2001/XMLSchema-instance" xsi:noNamespaceSchemaLocation="https://maven.apache.org/surefire/maven-surefire-plugin/xsd/surefire-test-report-3.0.xsd" version="3.0" name="com.szalay.thinktools.model.FootballTest" time="0.042" tests="1" errors="0" skipped="0" failures="0">
  <properties>
    <property name="java.specification.version" value="18"/>
    <property name="sun.jnu.encoding" value="UTF-8"/>
    <property name="java.class.path" value="/home/szalay/data/projects/thinktoolsV2/com.szalay.thinktools/com.szalay.thinktools.model/target/test-classes:/home/szalay/data/projects/thinktoolsV2/com.szalay.thinktools/com.szalay.thinktools.model/target/classes:/home/szalay/.m2/repository/junit/junit/4.10/junit-4.10.jar:/home/szalay/.m2/repository/org/hamcrest/hamcrest-core/1.1/hamcrest-core-1.1.jar:"/>
    <property name="java.vm.vendor" value="Oracle Corporation"/>
    <property name="sun.arch.data.model" value="64"/>
    <property name="java.vendor.url" value="https://java.oracle.com/"/>
    <property name="os.name" value="Linux"/>
    <property name="java.vm.specification.version" value="18"/>
    <property name="sun.java.launcher" value="SUN_STANDARD"/>
    <property name="user.country" value="DE"/>
    <property name="sun.boot.library.path" value="/opt/jdk-18/lib"/>
    <property name="sun.java.command" value="/home/szalay/data/projects/thinktoolsV2/com.szalay.thinktools/com.szalay.thinktools.model/target/surefire/surefirebooter-20240105133912503_3.jar /home/szalay/data/projects/thinktoolsV2/com.szalay.thinktools/com.szalay.thinktools.model/target/surefire 2024-01-05T13-39-12_393-jvmRun1 surefire-20240105133912503_1tmp surefire_0-20240105133912503_2tmp"/>
    <property name="jdk.debug" value="release"/>
    <property name="surefire.test.class.path" value="/home/szalay/data/projects/thinktoolsV2/com.szalay.thinktools/com.szalay.thinktools.model/target/test-classes:/home/szalay/data/projects/thinktoolsV2/com.szalay.thinktools/com.szalay.thinktools.model/target/classes:/home/szalay/.m2/repository/junit/junit/4.10/junit-4.10.jar:/home/szalay/.m2/repository/org/hamcrest/hamcrest-core/1.1/hamcrest-core-1.1.jar:"/>
    <property name="sun.cpu.endian" value="little"/>
    <property name="user.home" value="/home/szalay"/>
    <property name="user.language" value="de"/>
    <property name="java.specification.vendor" value="Oracle Corporation"/>
    <property name="java.version.date" value="2022-03-22"/>
    <property name="java.home" value="/opt/jdk-18"/>
    <property name="file.separator" value="/"/>
    <property name="basedir" value="/home/szalay/data/projects/thinktoolsV2/com.szalay.thinktools/com.szalay.thinktools.model"/>
    <property name="java.vm.compressedOopsMode" value="Zero based"/>
    <property name="line.separator" value="&#10;"/>
    <property name="java.vm.specification.vendor" value="Oracle Corporation"/>
    <property name="java.specification.name" value="Java Platform API Specification"/>
    <property name="surefire.real.class.path" value="/home/szalay/data/projects/thinktoolsV2/com.szalay.thinktools/com.szalay.thinktools.model/target/surefire/surefirebooter-20240105133912503_3.jar"/>
    <property name="sun.management.compiler" value="HotSpot 64-Bit Tiered Compilers"/>
    <property name="java.runtime.version" value="18+36-2087"/>
    <property name="user.name" value="szalay"/>
    <property name="path.separator" value=":"/>
    <property name="os.version" value="5.15.0-91-generic"/>
    <property name="java.runtime.name" value="OpenJDK Runtime Environment"/>
    <property name="file.encoding" value="UTF-8"/>
    <property name="java.vm.name" value="OpenJDK 64-Bit Server VM"/>
    <property name="localRepository" value="/home/szalay/.m2/repository"/>
    <property name="java.vendor.url.bug" value="https://bugreport.java.com/bugreport/"/>
    <property name="java.io.tmpdir" value="/tmp"/>
    <property name="java.version" value="18"/>
    <property name="user.dir" value="/home/szalay/data/projects/thinktoolsV2/com.szalay.thinktools/com.szalay.thinktools.model"/>
    <property name="os.arch" value="amd64"/>
    <property name="java.vm.specification.name" value="Java Virtual Machine Specification"/>
    <property name="native.encoding" value="UTF-8"/>
    <property name="java.library.path" value="/usr/java/packages/lib:/usr/lib64:/lib64:/lib:/usr/lib"/>
    <property name="java.vm.info" value="mixed mode, sharing"/>
    <property name="java.vendor" value="Oracle Corporation"/>
    <property name="java.vm.version" value="18+36-2087"/>
    <property name="sun.io.unicode.encoding" value="UnicodeLittle"/>
    <property name="java.class.version" value="62.0"/>
  </properties>
  <testcase name="testFootball" classname="com.szalay.thinktools.model.FootballTest" time="0.028">
    <system-out><![CDATA[Start hypothesis: [[1 <= awayStrength <= 0]] -> 1 <= homeWin <= 0
Result: [1 <= awayStrength <= 0] -> 1 <= homeWin <= 0
[1 <= awayStrength <= 0] -> 0 <= homeWin <= 1

]]></system-out>
  </testcase>
</testsuite>